<?xml version="1.0" encoding="UTF-8"?>
<!-- Generated by org.testng.reporters.JUnitXMLReporter -->
<testsuite hostname="Naveen-Mac.local" ignored="0" name="Hub Spot App Test Cases" tests="4" failures="0" timestamp="17 Jul 2019 03:17:39 GMT" time="54.561" errors="0">
  <testcase name="verifyLoginPageTitleTest" time="0.013" classname="com.qa.hubspot.tests.LoginPageTest"/>
  <testcase name="verifySignUpLinkTest" time="0.05" classname="com.qa.hubspot.tests.LoginPageTest"/>
  <testcase name="loginTestWithCorrectCredentialsTest" time="7.551" classname="com.qa.hubspot.tests.LoginPageTest"/>
  <testcase name="loginTestWithInCorrectCredentialsTest" time="7.411" classname="com.qa.hubspot.tests.LoginPageTest"/>
</testsuite> <!-- Hub Spot App Test Cases -->
