<?xml version="1.0" encoding="UTF-8"?>
<!-- Generated by org.testng.reporters.JUnitXMLReporter -->
<testsuite hostname="Naveen-Mac.local" ignored="0" name="Sub Spot App Test Cases" tests="4" failures="0" timestamp="17 Jul 2019 03:14:07 GMT" time="54.258" errors="0">
  <testcase name="verifyLoginPageTitleTest" time="0.013" classname="com.qa.hubspot.tests.LoginPageTest"/>
  <testcase name="verifySignUpLinkTest" time="0.059" classname="com.qa.hubspot.tests.LoginPageTest"/>
  <testcase name="loginTestWithCorrectCredentialsTest" time="7.552" classname="com.qa.hubspot.tests.LoginPageTest"/>
  <testcase name="loginTestWithInCorrectCredentialsTest" time="7.405" classname="com.qa.hubspot.tests.LoginPageTest"/>
</testsuite> <!-- Sub Spot App Test Cases -->
