<?xml version="1.0" encoding="UTF-8"?>
<!-- Generated by org.testng.reporters.JUnitXMLReporter -->
<testsuite hostname="Naveen-Mac.local" ignored="0" name="Surefire test" tests="4" failures="0" timestamp="17 Jul 2019 03:46:38 GMT" time="53.727" errors="0">
  <testcase name="verifyLoginPageTitleTest" time="0.007" classname="com.qa.hubspot.tests.LoginPageTest"/>
  <testcase name="verifySignUpLinkTest" time="0.054" classname="com.qa.hubspot.tests.LoginPageTest"/>
  <testcase name="loginTestWithCorrectCredentialsTest" time="7.478" classname="com.qa.hubspot.tests.LoginPageTest"/>
  <testcase name="loginTestWithInCorrectCredentialsTest" time="7.392" classname="com.qa.hubspot.tests.LoginPageTest"/>
</testsuite> <!-- Surefire test -->
